<?xml version="1.0" encoding="UTF-8"?>
<testsuites>
	<testsuite errors="0" failures="0" name="TDE_Modes-20170825152354" skipped="0" tests="10" time="4.164">
		<testcase classname="TDE_Modes" name="test_GetDeviceName" time="0.416"/>
		<testcase classname="TDE_Modes" name="test_GetDeviceNameBLE" time="0.416"/>
		<testcase classname="TDE_Modes" name="test_GetFWVersion" time="0.416"/>
		<testcase classname="TDE_Modes" name="test_GetMacaddressBT" time="0.416"/>
		<testcase classname="TDE_Modes" name="test_GetMacaddressCentral" time="0.419"/>
		<testcase classname="TDE_Modes" name="test_Getbt_nfcstatus" time="0.416"/>
		<testcase classname="TDE_Modes" name="test_Getbtusbpidvid" time="0.416"/>
		<testcase classname="TDE_Modes" name="test_SetMacaddressBT" time="0.416"/>
		<testcase classname="TDE_Modes" name="test_SetMacaddressCentral" time="0.416"/>
		<testcase classname="TDE_Modes" name="test_SetMacaddressPeripheral" time="0.417"/>
		<system-out>
<![CDATA[Start test_GetDeviceName
OUTPUT: Logitech MeetUp Speakerphone

Start test_GetDeviceNameBLE
OUTPUT: NB-LRUIW7

Start test_GetSerialnumber
OUTPUT: 30783035653638323830000000

TEST GetMacaddress
OUTPUT: 001122334455

TEST GetMacaddressCentral
OUTPUT: 001122334455

Start test_Getbt_nfcstatus
OUTPUT: 0

Start test_Getbtusbpidvid
OUTPUT: [M]:VID=0x46d, PID=0x867

TEST_tdebt_SetMacaddress 
OUTPUT:  MacAddress=001122334455[OK]

TEST SetMacaddressCentral 
OUTPUT:  MacAddressCentral=001122334455[OK]

TEST SetMacaddressPeripheral 
OUTPUT:  MacAddress_Peripheral=001122334455[OK]

]]>		</system-out>
		<system-err>
<![CDATA[]]>		</system-err>
	</testsuite>
</testsuites>
